<?xml version="1.0" encoding="UTF-8"?>
<!-- Generated by org.testng.reporters.JUnitReportReporter -->
<testsuite hostname="DREAMS-PC" failures="0" tests="1" name="skwoll.testcases.LoginTest" time="314.302" errors="0" timestamp="02 May 2019 05:36:26 GMT" skipped="0">
  <testcase classname="skwoll.testcases.LoginTest" name="Dashboard" time="314.302"/>
</testsuite> <!-- skwoll.testcases.LoginTest -->
