<?xml version="1.0" encoding="UTF-8"?>
<!-- Generated by org.testng.reporters.JUnitReportReporter -->
<testsuite hostname="DREAMS-PC" failures="0" tests="1" name="com.skwoll.genericlib.FileLib" time="18.836" errors="0" timestamp="23 Apr 2019 09:22:36 GMT" skipped="0">
  <testcase classname="com.skwoll.genericlib.FileLib" name="getXlsxValue" time="18.836"/>
</testsuite> <!-- com.skwoll.genericlib.FileLib -->
