<?xml version="1.0" encoding="UTF-8"?>
<!-- Generated by org.testng.reporters.JUnitReportReporter -->
<testsuite hostname="DREAMS-PC" failures="0" tests="1" name="skwolladmin.testcases.TestcasesAdmin" time="53.227" errors="0" timestamp="27 Aug 2019 13:37:19 GMT" skipped="0">
  <testcase classname="skwolladmin.testcases.TestcasesAdmin" name="venuesAdd" time="53.227"/>
</testsuite> <!-- skwolladmin.testcases.TestcasesAdmin -->
