<?xml version="1.0" encoding="UTF-8"?>
<!-- Generated by org.testng.reporters.JUnitReportReporter -->
<testsuite hostname="DREAMS-PC" failures="0" tests="16" name="skwoll.testcases.LoginTest" time="297.787" errors="0" timestamp="27 Aug 2019 13:57:48 GMT" skipped="0">
  <testcase classname="skwoll.testcases.LoginTest" name="payOut" time="10.307"/>
  <testcase classname="skwoll.testcases.LoginTest" name="menuWelComeDrink" time="59.542"/>
  <testcase classname="skwoll.testcases.LoginTest" name="Dashboard" time="19.099"/>
  <testcase classname="skwoll.testcases.LoginTest" name="happyHourList" time="10.796"/>
  <testcase classname="skwoll.testcases.LoginTest" name="order" time="13.308"/>
  <testcase classname="skwoll.testcases.LoginTest" name="menuSubcategoryList" time="9.363"/>
  <testcase classname="skwoll.testcases.LoginTest" name="otherProductList" time="34.244"/>
  <testcase classname="skwoll.testcases.LoginTest" name="editStripe" time="15.239"/>
  <testcase classname="skwoll.testcases.LoginTest" name="setting" time="10.933"/>
  <testcase classname="skwoll.testcases.LoginTest" name="menuAddProduct" time="28.860"/>
  <testcase classname="skwoll.testcases.LoginTest" name="menuCategoryList" time="11.244"/>
  <testcase classname="skwoll.testcases.LoginTest" name="menuAddCategory" time="10.780"/>
  <testcase classname="skwoll.testcases.LoginTest" name="addHappyHour" time="21.343"/>
  <testcase classname="skwoll.testcases.LoginTest" name="viewProfile" time="13.591"/>
  <testcase classname="skwoll.testcases.LoginTest" name="menuAddSubcategory" time="19.075"/>
  <testcase classname="skwoll.testcases.LoginTest" name="eventList" time="10.063"/>
</testsuite> <!-- skwoll.testcases.LoginTest -->
