<?xml version="1.0" encoding="UTF-8"?>
<!-- Generated by org.testng.reporters.JUnitReportReporter -->
<testsuite hostname="DREAMS-PC" failures="0" tests="2" name="regration.NewTest" time="0.012" errors="0" timestamp="20 Apr 2019 10:16:44 GMT" skipped="0">
  <testcase classname="regration.NewTest" name="f" time="0.008"/>
  <testcase classname="regration.NewTest" name="f" time="0.004"/>
</testsuite> <!-- regration.NewTest -->
