<?xml version="1.0" encoding="UTF-8"?>
<!-- Generated by org.testng.reporters.JUnitReportReporter -->
<testsuite hostname="DREAMS-PC" failures="0" tests="51" name="skwolladmin.testcases.TestcasesAdmin" time="2.369" errors="1" timestamp="20 Aug 2019 12:13:53 GMT" skipped="50">
  <testcase classname="skwolladmin.testcases.TestcasesAdmin" name="venuesAdd" time="0.000">
    <skipped/>
  </testcase> <!-- venuesAdd -->
  <testcase classname="skwolladmin.testcases.TestcasesAdmin" name="ambassadorList" time="0.000">
    <skipped/>
  </testcase> <!-- ambassadorList -->
  <testcase classname="skwolladmin.testcases.TestcasesAdmin" name="venuesBartender" time="0.000">
    <skipped/>
  </testcase> <!-- venuesBartender -->
  <testcase classname="skwolladmin.testcases.TestcasesAdmin" name="skwollLB" time="2.368">
    <error message="session not created: This version of ChromeDriver only supports Chrome version 74
  (Driver info: chromedriver=74.0.3729.6 (255758eccf3d244491b8a1317aa76e1ce10d57e9-refs/branch-heads/3729@{#29}),platform=Windows NT 6.1.7601 SP1 x86_64) (WARNING: The server did not provide any stacktrace information)
Command duration or timeout: 1.10 seconds
Build info: version: &#039;3.141.59&#039;, revision: &#039;e82be7d358&#039;, time: &#039;2018-11-14T08:25:48&#039;
System info: host: &#039;DREAMS-PC&#039;, ip: &#039;192.168.1.38&#039;, os.name: &#039;Windows 7&#039;, os.arch: &#039;amd64&#039;, os.version: &#039;6.1&#039;, java.version: &#039;9.0.4&#039;
Driver info: driver.version: ChromeDriver" type="org.openqa.selenium.SessionNotCreatedException">
      <![CDATA[org.openqa.selenium.SessionNotCreatedException: session not created: This version of ChromeDriver only supports Chrome version 74
  (Driver info: chromedriver=74.0.3729.6 (255758eccf3d244491b8a1317aa76e1ce10d57e9-refs/branch-heads/3729@{#29}),platform=Windows NT 6.1.7601 SP1 x86_64) (WARNING: The server did not provide any stacktrace information)
Command duration or timeout: 1.10 seconds
Build info: version: '3.141.59', revision: 'e82be7d358', time: '2018-11-14T08:25:48'
System info: host: 'DREAMS-PC', ip: '192.168.1.38', os.name: 'Windows 7', os.arch: 'amd64', os.version: '6.1', java.version: '9.0.4'
Driver info: driver.version: ChromeDriver
at java.base/jdk.internal.reflect.NativeConstructorAccessorImpl.newInstance0(Native Method)
at java.base/jdk.internal.reflect.NativeConstructorAccessorImpl.newInstance(Unknown Source)
at java.base/jdk.internal.reflect.DelegatingConstructorAccessorImpl.newInstance(Unknown Source)
at java.base/java.lang.reflect.Constructor.newInstance(Unknown Source)
at org.openqa.selenium.remote.ErrorHandler.createThrowable(ErrorHandler.java:214)
at org.openqa.selenium.remote.ErrorHandler.throwIfResponseFailed(ErrorHandler.java:166)
at org.openqa.selenium.remote.JsonWireProtocolResponse.lambda$errorHandler$0(JsonWireProtocolResponse.java:54)
at org.openqa.selenium.remote.HandshakeResponse.lambda$getResponseFunction$0(HandshakeResponse.java:30)
at org.openqa.selenium.remote.ProtocolHandshake.lambda$createSession$0(ProtocolHandshake.java:126)
at java.base/java.util.stream.ReferencePipeline$3$1.accept(Unknown Source)
at java.base/java.util.Spliterators$ArraySpliterator.tryAdvance(Unknown Source)
at java.base/java.util.stream.ReferencePipeline.forEachWithCancel(Unknown Source)
at java.base/java.util.stream.AbstractPipeline.copyIntoWithCancel(Unknown Source)
at java.base/java.util.stream.AbstractPipeline.copyInto(Unknown Source)
at java.base/java.util.stream.AbstractPipeline.wrapAndCopyInto(Unknown Source)
at java.base/java.util.stream.FindOps$FindOp.evaluateSequential(Unknown Source)
at java.base/java.util.stream.AbstractPipeline.evaluate(Unknown Source)
at java.base/java.util.stream.ReferencePipeline.findFirst(Unknown Source)
at org.openqa.selenium.remote.ProtocolHandshake.createSession(ProtocolHandshake.java:128)
at org.openqa.selenium.remote.ProtocolHandshake.createSession(ProtocolHandshake.java:74)
at org.openqa.selenium.remote.HttpCommandExecutor.execute(HttpCommandExecutor.java:136)
at org.openqa.selenium.remote.service.DriverCommandExecutor.execute(DriverCommandExecutor.java:83)
at org.openqa.selenium.remote.RemoteWebDriver.execute(RemoteWebDriver.java:552)
at org.openqa.selenium.remote.RemoteWebDriver.startSession(RemoteWebDriver.java:213)
at org.openqa.selenium.remote.RemoteWebDriver.<init>(RemoteWebDriver.java:131)
at org.openqa.selenium.chrome.ChromeDriver.<init>(ChromeDriver.java:181)
at org.openqa.selenium.chrome.ChromeDriver.<init>(ChromeDriver.java:168)
at org.openqa.selenium.chrome.ChromeDriver.<init>(ChromeDriver.java:123)
at com.skwolladmin.genericlib.BaseClass.skwollLB(BaseClass.java:21)
at java.base/jdk.internal.reflect.NativeMethodAccessorImpl.invoke0(Native Method)
at java.base/jdk.internal.reflect.NativeMethodAccessorImpl.invoke(Unknown Source)
at java.base/jdk.internal.reflect.DelegatingMethodAccessorImpl.invoke(Unknown Source)
at java.base/java.lang.reflect.Method.invoke(Unknown Source)
at org.testng.internal.MethodInvocationHelper.invokeMethod(MethodInvocationHelper.java:124)
at org.testng.internal.MethodInvocationHelper.invokeMethodConsideringTimeout(MethodInvocationHelper.java:59)
at org.testng.internal.Invoker.invokeConfigurationMethod(Invoker.java:458)
at org.testng.internal.Invoker.invokeConfigurations(Invoker.java:222)
at org.testng.internal.Invoker.invokeConfigurations(Invoker.java:142)
at org.testng.internal.TestMethodWorker.invokeBeforeClassMethods(TestMethodWorker.java:168)
at org.testng.internal.TestMethodWorker.run(TestMethodWorker.java:105)
at org.testng.TestRunner.privateRun(TestRunner.java:648)
at org.testng.TestRunner.run(TestRunner.java:505)
at org.testng.SuiteRunner.runTest(SuiteRunner.java:455)
at org.testng.SuiteRunner.runSequentially(SuiteRunner.java:450)
at org.testng.SuiteRunner.privateRun(SuiteRunner.java:415)
at org.testng.SuiteRunner.run(SuiteRunner.java:364)
at org.testng.SuiteRunnerWorker.runSuite(SuiteRunnerWorker.java:52)
at org.testng.SuiteRunnerWorker.run(SuiteRunnerWorker.java:84)
at org.testng.TestNG.runSuitesSequentially(TestNG.java:1208)
at org.testng.TestNG.runSuitesLocally(TestNG.java:1137)
at org.testng.TestNG.runSuites(TestNG.java:1049)
at org.testng.TestNG.run(TestNG.java:1017)
at org.testng.remote.AbstractRemoteTestNG.run(AbstractRemoteTestNG.java:115)
at org.testng.remote.RemoteTestNG.initAndRun(RemoteTestNG.java:251)
at org.testng.remote.RemoteTestNG.main(RemoteTestNG.java:77)
]]>
    </error>
  </testcase> <!-- skwollLB -->
  <testcase classname="skwolladmin.testcases.TestcasesAdmin" name="skwollImage" time="0.000">
    <skipped/>
  </testcase> <!-- skwollImage -->
  <testcase classname="skwolladmin.testcases.TestcasesAdmin" name="menuProductList" time="0.000">
    <skipped/>
  </testcase> <!-- menuProductList -->
  <testcase classname="skwolladmin.testcases.TestcasesAdmin" name="menuAddHappyHour" time="0.000">
    <skipped/>
  </testcase> <!-- menuAddHappyHour -->
  <testcase classname="skwolladmin.testcases.TestcasesAdmin" name="History" time="0.000">
    <skipped/>
  </testcase> <!-- History -->
  <testcase classname="skwolladmin.testcases.TestcasesAdmin" name="menuAddSubcategory" time="0.000">
    <skipped/>
  </testcase> <!-- menuAddSubcategory -->
  <testcase classname="skwolladmin.testcases.TestcasesAdmin" name="blogAddCategory" time="0.000">
    <skipped/>
  </testcase> <!-- blogAddCategory -->
  <testcase classname="skwolladmin.testcases.TestcasesAdmin" name="skwollImageAddSubCategory" time="0.000">
    <skipped/>
  </testcase> <!-- skwollImageAddSubCategory -->
  <testcase classname="skwolladmin.testcases.TestcasesAdmin" name="welcomeDrink" time="0.000">
    <skipped/>
  </testcase> <!-- welcomeDrink -->
  <testcase classname="skwolladmin.testcases.TestcasesAdmin" name="bartender" time="0.000">
    <skipped/>
  </testcase> <!-- bartender -->
  <testcase classname="skwolladmin.testcases.TestcasesAdmin" name="Dashboard" time="0.000">
    <skipped/>
  </testcase> <!-- Dashboard -->
  <testcase classname="skwolladmin.testcases.TestcasesAdmin" name="skwollImageAddImage" time="0.000">
    <skipped/>
  </testcase> <!-- skwollImageAddImage -->
  <testcase classname="skwolladmin.testcases.TestcasesAdmin" name="subscription" time="0.000">
    <skipped/>
  </testcase> <!-- subscription -->
  <testcase classname="skwolladmin.testcases.TestcasesAdmin" name="blogCategoryList" time="0.000">
    <skipped/>
  </testcase> <!-- blogCategoryList -->
  <testcase classname="skwolladmin.testcases.TestcasesAdmin" name="menuCanvasAddCategory" time="0.000">
    <skipped/>
  </testcase> <!-- menuCanvasAddCategory -->
  <testcase classname="skwolladmin.testcases.TestcasesAdmin" name="blogList" time="0.000">
    <skipped/>
  </testcase> <!-- blogList -->
  <testcase classname="skwolladmin.testcases.TestcasesAdmin" name="menuCanvasAddsubCategory" time="0.000">
    <skipped/>
  </testcase> <!-- menuCanvasAddsubCategory -->
  <testcase classname="skwolladmin.testcases.TestcasesAdmin" name="inactiveCommentList" time="0.000">
    <skipped/>
  </testcase> <!-- inactiveCommentList -->
  <testcase classname="skwolladmin.testcases.TestcasesAdmin" name="addEvent" time="0.000">
    <skipped/>
  </testcase> <!-- addEvent -->
  <testcase classname="skwolladmin.testcases.TestcasesAdmin" name="eventList" time="0.000">
    <skipped/>
  </testcase> <!-- eventList -->
  <testcase classname="skwolladmin.testcases.TestcasesAdmin" name="menuSubcategoryList" time="0.000">
    <skipped/>
  </testcase> <!-- menuSubcategoryList -->
  <testcase classname="skwolladmin.testcases.TestcasesAdmin" name="stripeAddMoney" time="0.000">
    <skipped/>
  </testcase> <!-- stripeAddMoney -->
  <testcase classname="skwolladmin.testcases.TestcasesAdmin" name="userfeedback" time="0.000">
    <skipped/>
  </testcase> <!-- userfeedback -->
  <testcase classname="skwolladmin.testcases.TestcasesAdmin" name="ambassadorPlan" time="0.000">
    <skipped/>
  </testcase> <!-- ambassadorPlan -->
  <testcase classname="skwolladmin.testcases.TestcasesAdmin" name="skwollImageSubCategoryList" time="0.000">
    <skipped/>
  </testcase> <!-- skwollImageSubCategoryList -->
  <testcase classname="skwolladmin.testcases.TestcasesAdmin" name="SubscriptionList" time="0.000">
    <skipped/>
  </testcase> <!-- SubscriptionList -->
  <testcase classname="skwolladmin.testcases.TestcasesAdmin" name="massNotification" time="0.000">
    <skipped/>
  </testcase> <!-- massNotification -->
  <testcase classname="skwolladmin.testcases.TestcasesAdmin" name="venuesList" time="0.000">
    <skipped/>
  </testcase> <!-- venuesList -->
  <testcase classname="skwolladmin.testcases.TestcasesAdmin" name="skwollImageList" time="0.000">
    <skipped/>
  </testcase> <!-- skwollImageList -->
  <testcase classname="skwolladmin.testcases.TestcasesAdmin" name="massNotificationList" time="0.000">
    <skipped/>
  </testcase> <!-- massNotificationList -->
  <testcase classname="skwolladmin.testcases.TestcasesAdmin" name="venuesNewvenuerequests" time="0.000">
    <skipped/>
  </testcase> <!-- venuesNewvenuerequests -->
  <testcase classname="skwolladmin.testcases.TestcasesAdmin" name="menuAddProduct" time="0.000">
    <skipped/>
  </testcase> <!-- menuAddProduct -->
  <testcase classname="skwolladmin.testcases.TestcasesAdmin" name="venuesCategories" time="0.000">
    <skipped/>
  </testcase> <!-- venuesCategories -->
  <testcase classname="skwolladmin.testcases.TestcasesAdmin" name="usersAddUsers" time="0.000">
    <skipped/>
  </testcase> <!-- usersAddUsers -->
  <testcase classname="skwolladmin.testcases.TestcasesAdmin" name="venuesAddBartender" time="0.000">
    <skipped/>
  </testcase> <!-- venuesAddBartender -->
  <testcase classname="skwolladmin.testcases.TestcasesAdmin" name="skwollImageCategoryList" time="0.000">
    <skipped/>
  </testcase> <!-- skwollImageCategoryList -->
  <testcase classname="skwolladmin.testcases.TestcasesAdmin" name="blogAddBlog" time="0.001">
    <skipped/>
  </testcase> <!-- blogAddBlog -->
  <testcase classname="skwolladmin.testcases.TestcasesAdmin" name="menuCanvasSubCategoryList" time="0.000">
    <skipped/>
  </testcase> <!-- menuCanvasSubCategoryList -->
  <testcase classname="skwolladmin.testcases.TestcasesAdmin" name="menuHappyHourList" time="0.000">
    <skipped/>
  </testcase> <!-- menuHappyHourList -->
  <testcase classname="skwolladmin.testcases.TestcasesAdmin" name="menuCanvasCategoryList" time="0.000">
    <skipped/>
  </testcase> <!-- menuCanvasCategoryList -->
  <testcase classname="skwolladmin.testcases.TestcasesAdmin" name="usersEnquiryList" time="0.000">
    <skipped/>
  </testcase> <!-- usersEnquiryList -->
  <testcase classname="skwolladmin.testcases.TestcasesAdmin" name="couponList" time="0.000">
    <skipped/>
  </testcase> <!-- couponList -->
  <testcase classname="skwolladmin.testcases.TestcasesAdmin" name="venuesBlockedVenueList" time="0.000">
    <skipped/>
  </testcase> <!-- venuesBlockedVenueList -->
  <testcase classname="skwolladmin.testcases.TestcasesAdmin" name="usersUserList" time="0.000">
    <skipped/>
  </testcase> <!-- usersUserList -->
  <testcase classname="skwolladmin.testcases.TestcasesAdmin" name="bartenderList" time="0.000">
    <skipped/>
  </testcase> <!-- bartenderList -->
  <testcase classname="skwolladmin.testcases.TestcasesAdmin" name="menuAddCategory" time="0.000">
    <skipped/>
  </testcase> <!-- menuAddCategory -->
  <testcase classname="skwolladmin.testcases.TestcasesAdmin" name="usersBlockedUserList" time="0.000">
    <skipped/>
  </testcase> <!-- usersBlockedUserList -->
  <testcase classname="skwolladmin.testcases.TestcasesAdmin" name="menuCategoryList" time="0.000">
    <skipped/>
  </testcase> <!-- menuCategoryList -->
</testsuite> <!-- skwolladmin.testcases.TestcasesAdmin -->
