<?xml version="1.0" encoding="UTF-8"?>
<!-- Generated by org.testng.reporters.JUnitReportReporter -->
<testsuite hostname="DREAMS-PC" failures="0" tests="1" name="skwolladmin.testcases.TestcasesAdmin" time="25.002" errors="0" timestamp="18 Jun 2019 09:05:07 GMT" skipped="0">
  <testcase classname="skwolladmin.testcases.TestcasesAdmin" name="blog" time="25.002"/>
</testsuite> <!-- skwolladmin.testcases.TestcasesAdmin -->
