<?xml version="1.0" encoding="UTF-8"?>
<!-- Generated by org.testng.reporters.JUnitReportReporter -->
<testsuite hostname="DREAMS-PC" failures="0" tests="1" name="skwolladmin.testcases.TestcasesAdmin" time="14.394" errors="0" timestamp="18 Jun 2019 09:49:10 GMT" skipped="0">
  <testcase classname="skwolladmin.testcases.TestcasesAdmin" name="blogAddBlog" time="14.394"/>
</testsuite> <!-- skwolladmin.testcases.TestcasesAdmin -->
