<?xml version="1.0" encoding="UTF-8"?>
<!-- Generated by org.testng.reporters.JUnitReportReporter -->
<testsuite hostname="DREAMS-PC" failures="0" tests="1" name="skwoll.testcases.LoginTest" time="35.511" errors="0" timestamp="14 Jun 2019 07:57:24 GMT" skipped="0">
  <testcase classname="skwoll.testcases.LoginTest" name="addHappyHour" time="35.511"/>
</testsuite> <!-- skwoll.testcases.LoginTest -->
